生成启动时间为 2016/2/29 22:52:18。
     1>项目“D:\Myworkspace\VS2013\Tracking\CompressiveTracking\CompressiveTracking.vcxproj”在节点 2 上(Build 个目标)。
     1>ClCompile:
         E:\VisualStudio2013\VC\bin\CL.exe /c /Id:\opencv\build\include /Id:\opencv\build\include\opencv /Id:\opencv\build\include\opencv2 /ZI /nologo /W3 /WX- /Od /Oy- /D _MBCS /Gm /EHsc /RTC1 /MDd /GS /fp:precise /Zc:wchar_t /Zc:forScope /Fo"Debug\\" /Fd"Debug\vc120.pdb" /Gd /TP /analyze- /errorReport:prompt CompressiveTracker.cpp RunTracker.cpp
         RunTracker.cpp
     1>d:\myworkspace\vs2013\tracking\compressivetracking\runtracker.cpp(80): warning C4018: “<”: 有符号/无符号不匹配
         CompressiveTracker.cpp
     1>d:\myworkspace\vs2013\tracking\compressivetracking\compressivetracker.cpp(208): warning C4244: “=”: 从“double”转换到“float”，可能丢失数据
     1>d:\myworkspace\vs2013\tracking\compressivetracking\compressivetracker.cpp(228): warning C4244: “=”: 从“double”转换到“float”，可能丢失数据
     1>d:\myworkspace\vs2013\tracking\compressivetracking\compressivetracker.cpp(229): warning C4244: “=”: 从“double”转换到“float”，可能丢失数据
     1>d:\myworkspace\vs2013\tracking\compressivetracking\compressivetracker.cpp(230): warning C4244: “+=”: 从“double”转换到“float”，可能丢失数据
     1>d:\myworkspace\vs2013\tracking\compressivetracking\compressivetracker.cpp(245): warning C4244: “参数”: 从“int”转换到“float”，可能丢失数据
     1>d:\myworkspace\vs2013\tracking\compressivetracking\compressivetracker.cpp(246): warning C4244: “参数”: 从“double”转换到“float”，可能丢失数据
     1>d:\myworkspace\vs2013\tracking\compressivetracking\compressivetracker.cpp(258): warning C4244: “参数”: 从“int”转换到“float”，可能丢失数据
     1>d:\myworkspace\vs2013\tracking\compressivetracking\compressivetracker.cpp(267): warning C4244: “参数”: 从“int”转换到“float”，可能丢失数据
     1>d:\myworkspace\vs2013\tracking\compressivetracking\compressivetracker.cpp(268): warning C4244: “参数”: 从“double”转换到“float”，可能丢失数据
         正在生成代码...
       Link:
         E:\VisualStudio2013\VC\bin\link.exe /ERRORREPORT:PROMPT /OUT:"D:\Myworkspace\VS2013\Tracking\Debug\CompressiveTracking.exe" /NOLOGO /LIBPATH:d:\opencv\build\x86\vc12\lib /LIBPATH:d:\opencv\build\x86\vc12\staticlib opencv_core2411d.lib opencv_imgproc2411d.lib opencv_highgui2411d.lib kernel32.lib user32.lib gdi32.lib winspool.lib comdlg32.lib advapi32.lib shell32.lib ole32.lib oleaut32.lib uuid.lib odbc32.lib odbccp32.lib /MANIFEST /MANIFESTUAC:"level='asInvoker' uiAccess='false'" /manifest:embed /DEBUG /PDB:"D:\Myworkspace\VS2013\Tracking\Debug\CompressiveTracking.pdb" /TLBID:1 /DYNAMICBASE /NXCOMPAT /IMPLIB:"D:\Myworkspace\VS2013\Tracking\Debug\CompressiveTracking.lib" /MACHINE:X86 /SAFESEH Debug\CompressiveTracker.obj
         Debug\RunTracker.obj
     1>CompressiveTracker.obj : warning LNK4075: 忽略“/EDITANDCONTINUE”(由于“/SAFESEH”规范)
         CompressiveTracking.vcxproj -> D:\Myworkspace\VS2013\Tracking\Debug\CompressiveTracking.exe
     1>已完成生成项目“D:\Myworkspace\VS2013\Tracking\CompressiveTracking\CompressiveTracking.vcxproj”(Build 个目标)的操作。

生成成功。

已用时间 00:00:03.30
